This file contains any messages produced by compilers while
running configure, to aid debugging if configure makes a mistake.

It was created by sa_marketdatasender configure 1.0, which was
generated by GNU Autoconf 2.65.  Invocation command line was

  $ /home/paul/sa-dev/sa-marketdatasender/configure --enable-maintainer-mode --enable-maintainer-mode CFLAGS=-g -O0 CXXFLAGS=-g -O0 JFLAGS=-g -O0 FFLAGS=-g -O0

## --------- ##
## Platform. ##
## --------- ##

hostname = shortstop1
uname -m = i686
uname -r = 2.6.32-24-generic
uname -s = Linux
uname -v = #38-Ubuntu SMP Mon Jul 5 09:22:14 UTC 2010

/usr/bin/uname -p = unknown
/bin/uname -X     = unknown

/bin/arch              = unknown
/usr/bin/arch -k       = unknown
/usr/convex/getsysinfo = unknown
/usr/bin/hostinfo      = unknown
/bin/machine           = unknown
/usr/bin/oslevel       = unknown
/bin/universe          = unknown

PATH: /usr/local/sbin
PATH: /usr/local/bin
PATH: /usr/sbin
PATH: /usr/bin
PATH: /sbin
PATH: /bin
PATH: /usr/games


## ----------- ##
## Core tests. ##
## ----------- ##

configure:1940: checking for a BSD-compatible install
configure:2008: result: /usr/bin/install -c
configure:2019: checking whether build environment is sane
configure:2069: result: yes
configure:2210: checking for a thread-safe mkdir -p
configure:2249: result: /bin/mkdir -p
configure:2262: checking for gawk
configure:2278: found /usr/bin/gawk
configure:2289: result: gawk
configure:2300: checking whether make sets $(MAKE)
configure:2322: result: yes
configure:2405: checking whether to enable maintainer-specific portions of Makefiles
configure:2414: result: yes
configure:2440: checking for style of include used by make
configure:2468: result: GNU
configure:2538: checking for gcc
configure:2554: found /usr/bin/gcc
configure:2565: result: gcc
configure:2794: checking for C compiler version
configure:2803: gcc --version >&5
gcc (Ubuntu 4.4.3-4ubuntu5) 4.4.3
Copyright (C) 2009 Free Software Foundation, Inc.
This is free software; see the source for copying conditions.  There is NO
warranty; not even for MERCHANTABILITY or FITNESS FOR A PARTICULAR PURPOSE.

configure:2814: $? = 0
configure:2803: gcc -v >&5
Using built-in specs.
Target: i486-linux-gnu
Configured with: ../src/configure -v --with-pkgversion='Ubuntu 4.4.3-4ubuntu5' --with-bugurl=file:///usr/share/doc/gcc-4.4/README.Bugs --enable-languages=c,c++,fortran,objc,obj-c++ --prefix=/usr --enable-shared --enable-multiarch --enable-linker-build-id --with-system-zlib --libexecdir=/usr/lib --without-included-gettext --enable-threads=posix --with-gxx-include-dir=/usr/include/c++/4.4 --program-suffix=-4.4 --enable-nls --enable-clocale=gnu --enable-libstdcxx-debug --enable-plugin --enable-objc-gc --enable-targets=all --disable-werror --with-arch-32=i486 --with-tune=generic --enable-checking=release --build=i486-linux-gnu --host=i486-linux-gnu --target=i486-linux-gnu
Thread model: posix
gcc version 4.4.3 (Ubuntu 4.4.3-4ubuntu5) 
configure:2814: $? = 0
configure:2803: gcc -V >&5
gcc: '-V' option must have argument
configure:2814: $? = 1
configure:2803: gcc -qversion >&5
gcc: unrecognized option '-qversion'
gcc: no input files
configure:2814: $? = 1
configure:2834: checking whether the C compiler works
configure:2856: gcc -g -O0   conftest.c  >&5
configure:2860: $? = 0
configure:2909: result: yes
configure:2912: checking for C compiler default output file name
configure:2914: result: a.out
configure:2920: checking for suffix of executables
configure:2927: gcc -o conftest -g -O0   conftest.c  >&5
configure:2931: $? = 0
configure:2953: result: 
configure:2975: checking whether we are cross compiling
configure:2983: gcc -o conftest -g -O0   conftest.c  >&5
configure:2987: $? = 0
configure:2994: ./conftest
configure:2998: $? = 0
configure:3013: result: no
configure:3018: checking for suffix of object files
configure:3040: gcc -c -g -O0  conftest.c >&5
configure:3044: $? = 0
configure:3065: result: o
configure:3069: checking whether we are using the GNU C compiler
configure:3088: gcc -c -g -O0  conftest.c >&5
configure:3088: $? = 0
configure:3097: result: yes
configure:3106: checking whether gcc accepts -g
configure:3126: gcc -c -g  conftest.c >&5
configure:3126: $? = 0
configure:3167: result: yes
configure:3184: checking for gcc option to accept ISO C89
configure:3248: gcc  -c -g -O0  conftest.c >&5
configure:3248: $? = 0
configure:3261: result: none needed
configure:3283: checking dependency style of gcc
configure:3393: result: gcc3
configure:3409: checking for library containing strerror
configure:3440: gcc -o conftest -g -O0   conftest.c  >&5
configure:3440: $? = 0
configure:3457: result: none required
configure:3513: checking for gcc
configure:3540: result: gcc
configure:3769: checking for C compiler version
configure:3778: gcc --version >&5
gcc (Ubuntu 4.4.3-4ubuntu5) 4.4.3
Copyright (C) 2009 Free Software Foundation, Inc.
This is free software; see the source for copying conditions.  There is NO
warranty; not even for MERCHANTABILITY or FITNESS FOR A PARTICULAR PURPOSE.

configure:3789: $? = 0
configure:3778: gcc -v >&5
Using built-in specs.
Target: i486-linux-gnu
Configured with: ../src/configure -v --with-pkgversion='Ubuntu 4.4.3-4ubuntu5' --with-bugurl=file:///usr/share/doc/gcc-4.4/README.Bugs --enable-languages=c,c++,fortran,objc,obj-c++ --prefix=/usr --enable-shared --enable-multiarch --enable-linker-build-id --with-system-zlib --libexecdir=/usr/lib --without-included-gettext --enable-threads=posix --with-gxx-include-dir=/usr/include/c++/4.4 --program-suffix=-4.4 --enable-nls --enable-clocale=gnu --enable-libstdcxx-debug --enable-plugin --enable-objc-gc --enable-targets=all --disable-werror --with-arch-32=i486 --with-tune=generic --enable-checking=release --build=i486-linux-gnu --host=i486-linux-gnu --target=i486-linux-gnu
Thread model: posix
gcc version 4.4.3 (Ubuntu 4.4.3-4ubuntu5) 
configure:3789: $? = 0
configure:3778: gcc -V >&5
gcc: '-V' option must have argument
configure:3789: $? = 1
configure:3778: gcc -qversion >&5
gcc: unrecognized option '-qversion'
gcc: no input files
configure:3789: $? = 1
configure:3793: checking whether we are using the GNU C compiler
configure:3821: result: yes
configure:3830: checking whether gcc accepts -g
configure:3891: result: yes
configure:3908: checking for gcc option to accept ISO C89
configure:3985: result: none needed
configure:4007: checking dependency style of gcc
configure:4117: result: gcc3
configure:4180: checking for gcc
configure:4207: result: gcc
configure:4436: checking for C compiler version
configure:4445: gcc --version >&5
gcc (Ubuntu 4.4.3-4ubuntu5) 4.4.3
Copyright (C) 2009 Free Software Foundation, Inc.
This is free software; see the source for copying conditions.  There is NO
warranty; not even for MERCHANTABILITY or FITNESS FOR A PARTICULAR PURPOSE.

configure:4456: $? = 0
configure:4445: gcc -v >&5
Using built-in specs.
Target: i486-linux-gnu
Configured with: ../src/configure -v --with-pkgversion='Ubuntu 4.4.3-4ubuntu5' --with-bugurl=file:///usr/share/doc/gcc-4.4/README.Bugs --enable-languages=c,c++,fortran,objc,obj-c++ --prefix=/usr --enable-shared --enable-multiarch --enable-linker-build-id --with-system-zlib --libexecdir=/usr/lib --without-included-gettext --enable-threads=posix --with-gxx-include-dir=/usr/include/c++/4.4 --program-suffix=-4.4 --enable-nls --enable-clocale=gnu --enable-libstdcxx-debug --enable-plugin --enable-objc-gc --enable-targets=all --disable-werror --with-arch-32=i486 --with-tune=generic --enable-checking=release --build=i486-linux-gnu --host=i486-linux-gnu --target=i486-linux-gnu
Thread model: posix
gcc version 4.4.3 (Ubuntu 4.4.3-4ubuntu5) 
configure:4456: $? = 0
configure:4445: gcc -V >&5
gcc: '-V' option must have argument
configure:4456: $? = 1
configure:4445: gcc -qversion >&5
gcc: unrecognized option '-qversion'
gcc: no input files
configure:4456: $? = 1
configure:4460: checking whether we are using the GNU C compiler
configure:4488: result: yes
configure:4497: checking whether gcc accepts -g
configure:4558: result: yes
configure:4575: checking for gcc option to accept ISO C89
configure:4652: result: none needed
configure:4674: checking dependency style of gcc
configure:4784: result: gcc3
configure:4807: checking how to run the C preprocessor
configure:4838: gcc -E  conftest.c
configure:4838: $? = 0
configure:4852: gcc -E  conftest.c
conftest.c:11:28: error: ac_nonexistent.h: No such file or directory
configure:4852: $? = 1
configure: failed program was:
| /* confdefs.h */
| #define PACKAGE_NAME "sa_marketdatasender"
| #define PACKAGE_TARNAME "sa_marketdatasender"
| #define PACKAGE_VERSION "1.0"
| #define PACKAGE_STRING "sa_marketdatasender 1.0"
| #define PACKAGE_BUGREPORT ""
| #define PACKAGE_URL ""
| #define PACKAGE "sa_marketdatasender"
| #define VERSION "1.0"
| /* end confdefs.h.  */
| #include <ac_nonexistent.h>
configure:4877: result: gcc -E
configure:4897: gcc -E  conftest.c
configure:4897: $? = 0
configure:4911: gcc -E  conftest.c
conftest.c:11:28: error: ac_nonexistent.h: No such file or directory
configure:4911: $? = 1
configure: failed program was:
| /* confdefs.h */
| #define PACKAGE_NAME "sa_marketdatasender"
| #define PACKAGE_TARNAME "sa_marketdatasender"
| #define PACKAGE_VERSION "1.0"
| #define PACKAGE_STRING "sa_marketdatasender 1.0"
| #define PACKAGE_BUGREPORT ""
| #define PACKAGE_URL ""
| #define PACKAGE "sa_marketdatasender"
| #define VERSION "1.0"
| /* end confdefs.h.  */
| #include <ac_nonexistent.h>
configure:4940: checking for grep that handles long lines and -e
configure:4998: result: /bin/grep
configure:5003: checking for egrep
configure:5065: result: /bin/grep -E
configure:5070: checking for ANSI C header files
configure:5090: gcc -c -g -O0  conftest.c >&5
configure:5090: $? = 0
configure:5163: gcc -o conftest -g -O0   conftest.c  >&5
configure:5163: $? = 0
configure:5163: ./conftest
configure:5163: $? = 0
configure:5174: result: yes
configure:5325: creating ./config.status

## ---------------------- ##
## Running config.status. ##
## ---------------------- ##

This file was extended by sa_marketdatasender config.status 1.0, which was
generated by GNU Autoconf 2.65.  Invocation command line was

  CONFIG_FILES    = 
  CONFIG_HEADERS  = 
  CONFIG_LINKS    = 
  CONFIG_COMMANDS = 
  $ ./config.status 

on shortstop1

config.status:847: creating Makefile
config.status:847: creating src/Makefile
config.status:847: creating config.h
config.status:1067: executing depfiles commands

## ---------------- ##
## Cache variables. ##
## ---------------- ##

ac_cv_c_compiler_gnu=yes
ac_cv_env_CC_set=
ac_cv_env_CC_value=
ac_cv_env_CFLAGS_set=set
ac_cv_env_CFLAGS_value='-g -O0'
ac_cv_env_CPPFLAGS_set=
ac_cv_env_CPPFLAGS_value=
ac_cv_env_CPP_set=
ac_cv_env_CPP_value=
ac_cv_env_LDFLAGS_set=
ac_cv_env_LDFLAGS_value=
ac_cv_env_LIBS_set=
ac_cv_env_LIBS_value=
ac_cv_env_build_alias_set=
ac_cv_env_build_alias_value=
ac_cv_env_host_alias_set=
ac_cv_env_host_alias_value=
ac_cv_env_target_alias_set=
ac_cv_env_target_alias_value=
ac_cv_header_stdc=yes
ac_cv_objext=o
ac_cv_path_EGREP='/bin/grep -E'
ac_cv_path_GREP=/bin/grep
ac_cv_path_install='/usr/bin/install -c'
ac_cv_path_mkdir=/bin/mkdir
ac_cv_prog_AWK=gawk
ac_cv_prog_CPP='gcc -E'
ac_cv_prog_ac_ct_CC=gcc
ac_cv_prog_cc_c89=
ac_cv_prog_cc_g=yes
ac_cv_prog_make_make_set=yes
ac_cv_search_strerror='none required'
am_cv_CC_dependencies_compiler_type=gcc3
am_cv_prog_cc_stdc=

## ----------------- ##
## Output variables. ##
## ----------------- ##

ACLOCAL='${SHELL} /home/paul/sa-dev/sa-marketdatasender/missing --run aclocal-1.11'
AMDEPBACKSLASH='\'
AMDEP_FALSE='#'
AMDEP_TRUE=''
AMTAR='${SHELL} /home/paul/sa-dev/sa-marketdatasender/missing --run tar'
AM_BACKSLASH='\'
AM_DEFAULT_VERBOSITY='0'
AUTOCONF='${SHELL} /home/paul/sa-dev/sa-marketdatasender/missing --run autoconf'
AUTOHEADER='${SHELL} /home/paul/sa-dev/sa-marketdatasender/missing --run autoheader'
AUTOMAKE='${SHELL} /home/paul/sa-dev/sa-marketdatasender/missing --run automake-1.11'
AWK='gawk'
CC='gcc'
CCDEPMODE='depmode=gcc3'
CFLAGS='-g -O0'
CPP='gcc -E'
CPPFLAGS=''
CYGPATH_W='echo'
DEFS='-DHAVE_CONFIG_H'
DEPDIR='.deps'
ECHO_C=''
ECHO_N='-n'
ECHO_T=''
EGREP='/bin/grep -E'
EXEEXT=''
GREP='/bin/grep'
INSTALL_DATA='${INSTALL} -m 644'
INSTALL_PROGRAM='${INSTALL}'
INSTALL_SCRIPT='${INSTALL}'
INSTALL_STRIP_PROGRAM='$(install_sh) -c -s'
LDFLAGS=''
LIBOBJS=''
LIBS=''
LTLIBOBJS=''
MAINT=''
MAINTAINER_MODE_FALSE='#'
MAINTAINER_MODE_TRUE=''
MAKEINFO='${SHELL} /home/paul/sa-dev/sa-marketdatasender/missing --run makeinfo'
MKDIR_P='/bin/mkdir -p'
OBJEXT='o'
PACKAGE='sa_marketdatasender'
PACKAGE_BUGREPORT=''
PACKAGE_NAME='sa_marketdatasender'
PACKAGE_STRING='sa_marketdatasender 1.0'
PACKAGE_TARNAME='sa_marketdatasender'
PACKAGE_URL=''
PACKAGE_VERSION='1.0'
PATH_SEPARATOR=':'
SET_MAKE=''
SHELL='/bin/bash'
STRIP=''
VERSION='1.0'
ac_ct_CC='gcc'
am__EXEEXT_FALSE=''
am__EXEEXT_TRUE='#'
am__fastdepCC_FALSE='#'
am__fastdepCC_TRUE=''
am__include='include'
am__isrc=''
am__leading_dot='.'
am__quote=''
am__tar='${AMTAR} chof - "$$tardir"'
am__untar='${AMTAR} xf -'
bindir='${exec_prefix}/bin'
build_alias=''
datadir='${datarootdir}'
datarootdir='${prefix}/share'
docdir='${datarootdir}/doc/${PACKAGE_TARNAME}'
dvidir='${docdir}'
exec_prefix='${prefix}'
host_alias=''
htmldir='${docdir}'
includedir='${prefix}/include'
infodir='${datarootdir}/info'
install_sh='${SHELL} /home/paul/sa-dev/sa-marketdatasender/install-sh'
libdir='${exec_prefix}/lib'
libexecdir='${exec_prefix}/libexec'
localedir='${datarootdir}/locale'
localstatedir='${prefix}/var'
mandir='${datarootdir}/man'
mkdir_p='/bin/mkdir -p'
oldincludedir='/usr/include'
pdfdir='${docdir}'
prefix='/usr/local'
program_transform_name='s,x,x,'
psdir='${docdir}'
sbindir='${exec_prefix}/sbin'
sharedstatedir='${prefix}/com'
sysconfdir='${prefix}/etc'
target_alias=''

## ----------- ##
## confdefs.h. ##
## ----------- ##

/* confdefs.h */
#define PACKAGE_NAME "sa_marketdatasender"
#define PACKAGE_TARNAME "sa_marketdatasender"
#define PACKAGE_VERSION "1.0"
#define PACKAGE_STRING "sa_marketdatasender 1.0"
#define PACKAGE_BUGREPORT ""
#define PACKAGE_URL ""
#define PACKAGE "sa_marketdatasender"
#define VERSION "1.0"
#define STDC_HEADERS 1

configure: exit 0

## ---------------------- ##
## Running config.status. ##
## ---------------------- ##

This file was extended by sa_marketdatasender config.status 1.0, which was
generated by GNU Autoconf 2.65.  Invocation command line was

  CONFIG_FILES    = 
  CONFIG_HEADERS  = 
  CONFIG_LINKS    = 
  CONFIG_COMMANDS = 
  $ ./config.status config.h

on shortstop1

config.status:847: creating config.h
config.status:1019: config.h is unchanged

## ---------------------- ##
## Running config.status. ##
## ---------------------- ##

This file was extended by sa_marketdatasender config.status 1.0, which was
generated by GNU Autoconf 2.65.  Invocation command line was

  CONFIG_FILES    = 
  CONFIG_HEADERS  = 
  CONFIG_LINKS    = 
  CONFIG_COMMANDS = 
  $ ./config.status config.h

on shortstop1

config.status:847: creating config.h
config.status:1019: config.h is unchanged
